<?xml version="1.0" encoding="UTF-8"?>
<!-- Generated by org.testng.reporters.JUnitReportReporter -->
<testsuite hostname="DESKTOP-JLDMS6I" failures="0" tests="1" name="cucumber.TestNGTestRunner" time="18.634" errors="0" timestamp="2024-05-13T14:46:07 IST" skipped="0">
  <testcase classname="cucumber.TestNGTestRunner" name="runScenario" time="18.634"/>
</testsuite> <!-- cucumber.TestNGTestRunner -->
