<?xml version="1.0" encoding="UTF-8"?>
<!-- Generated by org.testng.reporters.JUnitReportReporter -->
<testsuite hostname="DESKTOP-JLDMS6I" failures="0" tests="1" name="siddharthLearn.tests.ErrorValidations" time="2.630" errors="0" timestamp="2024-05-13T15:22:48 IST" skipped="0">
  <testcase classname="siddharthLearn.tests.ErrorValidations" name="incorrectUser" time="2.630"/>
</testsuite> <!-- siddharthLearn.tests.ErrorValidations -->
