<?xml version="1.0" encoding="UTF-8"?>
<!-- Generated by org.testng.reporters.JUnitReportReporter -->
<testsuite hostname="DESKTOP-JLDMS6I" failures="0" tests="2" name="siddharthLearn.tests.SubmitOrderTest" time="36.087" errors="0" timestamp="2024-05-13T15:06:25 IST" skipped="0">
  <testcase classname="siddharthLearn.tests.SubmitOrderTest" name="submitOrder" time="19.940"/>
  <testcase classname="siddharthLearn.tests.SubmitOrderTest" name="submitOrder" time="16.147"/>
</testsuite> <!-- siddharthLearn.tests.SubmitOrderTest -->
